<?xml version="1.0" encoding="UTF-8"?>
<testng-results ignored="0" total="1" passed="1" failed="0" skipped="0">
  <reporter-output>
  </reporter-output>
  <suite started-at="2023-04-10T15:56:46 IST" name="Default suite" finished-at="2023-04-10T15:57:42 IST" duration-ms="55609">
    <groups>
    </groups>
    <test started-at="2023-04-10T15:56:46 IST" name="Default test" finished-at="2023-04-10T15:57:42 IST" duration-ms="55609">
      <class name="OpenInApp.LinksToBeTested">
        <test-method signature="LinksOfOpenInApp()[pri:0, instance:OpenInApp.LinksToBeTested@470f1802]" started-at="2023-04-10T15:56:46 IST" name="LinksOfOpenInApp" finished-at="2023-04-10T15:57:42 IST" duration-ms="55558" status="PASS">
          <reporter-output>
          </reporter-output>
        </test-method> <!-- LinksOfOpenInApp -->
      </class> <!-- OpenInApp.LinksToBeTested -->
    </test> <!-- Default test -->
  </suite> <!-- Default suite -->
</testng-results>
