<?xml version="1.0" encoding="UTF-8"?>
<testng-results ignored="0" total="1" passed="1" failed="0" skipped="0">
  <reporter-output>
  </reporter-output>
  <suite started-at="2023-07-19T15:07:51 IST" name="Default suite" finished-at="2023-07-19T15:30:20 IST" duration-ms="1348485">
    <groups>
    </groups>
    <test started-at="2023-07-19T15:07:51 IST" name="Default test" finished-at="2023-07-19T15:30:20 IST" duration-ms="1348485">
      <class name="OpenInApp.InstagramOpeninappLinkProdRedirectionTesting">
        <test-method signature="RedirectionTesting()[pri:0, instance:OpenInApp.InstagramOpeninappLinkProdRedirectionTesting@654f0d9c]" started-at="2023-07-19T15:07:51 IST" name="RedirectionTesting" finished-at="2023-07-19T15:30:20 IST" duration-ms="1348389" status="PASS">
          <reporter-output>
          </reporter-output>
        </test-method> <!-- RedirectionTesting -->
      </class> <!-- OpenInApp.InstagramOpeninappLinkProdRedirectionTesting -->
    </test> <!-- Default test -->
  </suite> <!-- Default suite -->
</testng-results>
