<?xml version="1.0" encoding="UTF-8"?>
<testng-results ignored="0" total="1" passed="1" failed="0" skipped="0">
  <reporter-output>
  </reporter-output>
  <suite started-at="2023-07-18T19:59:43 IST" name="Default suite" finished-at="2023-07-18T20:00:12 IST" duration-ms="28878">
    <groups>
    </groups>
    <test started-at="2023-07-18T19:59:43 IST" name="Default test" finished-at="2023-07-18T20:00:12 IST" duration-ms="28878">
      <class name="OpeninappWebAutomation.OpeninappMobile">
        <test-method signature="Openianpp()[pri:0, instance:OpeninappWebAutomation.OpeninappMobile@6e4784bc]" started-at="2023-07-18T19:59:44 IST" name="Openianpp" finished-at="2023-07-18T20:00:12 IST" duration-ms="28818" status="PASS">
          <reporter-output>
          </reporter-output>
        </test-method> <!-- Openianpp -->
      </class> <!-- OpeninappWebAutomation.OpeninappMobile -->
    </test> <!-- Default test -->
  </suite> <!-- Default suite -->
</testng-results>
