<?xml version="1.0" encoding="UTF-8"?>
<!-- Generated by org.testng.reporters.JUnitXMLReporter -->
<testsuite ignored="0" hostname="DESKTOP-H860JCM" failures="0" tests="7" name="ChromeTest" time="136.804" errors="0" timestamp="2023-04-17T17:26:08 IST">
  <testcase classname="OpenInAppIntentsForCrossBrowserTesting.CrossBrowserImplementation6" name="OpenInAppLink6" time="16.032"/>
  <testcase classname="OpenInAppIntentsForCrossBrowserTesting.CrossBrowserImplementation" name="OpenInAppLink1" time="10.545"/>
  <testcase classname="OpenInAppIntentsForCrossBrowserTesting.CrossBrowserImplementation7" name="OpenInAppLink7" time="15.325"/>
  <testcase classname="OpenInAppIntentsForCrossBrowserTesting.CrossBrowserImplementation4" name="OpenInAppLink4" time="1.975"/>
  <testcase classname="OpenInAppIntentsForCrossBrowserTesting.CrossBrowserImplementation5" name="OpenInAppLink5" time="9.506"/>
  <testcase classname="OpenInAppIntentsForCrossBrowserTesting.CrossBrowserImplementation2" name="OpenInAppLink2" time="16.239"/>
  <testcase classname="OpenInAppIntentsForCrossBrowserTesting.CrossBrowserImplementation3" name="OpenInAppLink3" time="5.676"/>
</testsuite> <!-- ChromeTest -->
