<?xml version="1.0" encoding="UTF-8"?>
<!-- Generated by org.testng.reporters.JUnitXMLReporter -->
<testsuite ignored="0" hostname="DESKTOP-H860JCM" failures="0" tests="7" name="EdgeTest" time="156.716" errors="0" timestamp="2023-04-17T17:26:28 IST">
  <testcase classname="OpenInAppIntentsForCrossBrowserTesting.CrossBrowserImplementation6" name="OpenInAppLink6" time="3.715"/>
  <testcase classname="OpenInAppIntentsForCrossBrowserTesting.CrossBrowserImplementation" name="OpenInAppLink1" time="24.93"/>
  <testcase classname="OpenInAppIntentsForCrossBrowserTesting.CrossBrowserImplementation7" name="OpenInAppLink7" time="20.565"/>
  <testcase classname="OpenInAppIntentsForCrossBrowserTesting.CrossBrowserImplementation4" name="OpenInAppLink4" time="15.733"/>
  <testcase classname="OpenInAppIntentsForCrossBrowserTesting.CrossBrowserImplementation5" name="OpenInAppLink5" time="4.302"/>
  <testcase classname="OpenInAppIntentsForCrossBrowserTesting.CrossBrowserImplementation2" name="OpenInAppLink2" time="7.95"/>
  <testcase classname="OpenInAppIntentsForCrossBrowserTesting.CrossBrowserImplementation3" name="OpenInAppLink3" time="3.546"/>
</testsuite> <!-- EdgeTest -->
